0 info it worked if it ends with ok
1 verbose cli [ '/usr/local/bin/node',
1 verbose cli   '/usr/local/bin/npm',
1 verbose cli   'install',
1 verbose cli   'express-generator',
1 verbose cli   '-g' ]
2 info using npm@3.10.10
3 info using node@v6.9.5
4 silly loadCurrentTree Starting
5 silly install loadCurrentTree
6 silly install readGlobalPackageData
7 silly fetchPackageMetaData express-generator
8 silly fetchNamedPackageData express-generator
9 silly mapToRegistry name express-generator
10 silly mapToRegistry using default registry
11 silly mapToRegistry registry https://registry.npmjs.org/
12 silly mapToRegistry data Result {
12 silly mapToRegistry   raw: 'express-generator',
12 silly mapToRegistry   scope: null,
12 silly mapToRegistry   escapedName: 'express-generator',
12 silly mapToRegistry   name: 'express-generator',
12 silly mapToRegistry   rawSpec: '',
12 silly mapToRegistry   spec: 'latest',
12 silly mapToRegistry   type: 'tag' }
13 silly mapToRegistry uri https://registry.npmjs.org/express-generator
14 verbose request uri https://registry.npmjs.org/express-generator
15 verbose request no auth needed
16 info attempt registry request try #1 at 16:07:21
17 verbose request id 54acc80247ba2b5a
18 http request GET https://registry.npmjs.org/express-generator
19 http 200 https://registry.npmjs.org/express-generator
20 verbose headers { server: 'nginx/1.10.1',
20 verbose headers   'content-type': 'application/json',
20 verbose headers   'last-modified': 'Thu, 02 Feb 2017 02:39:46 GMT',
20 verbose headers   etag: 'W/"58929bf2-95a1"',
20 verbose headers   'content-encoding': 'gzip',
20 verbose headers   'cache-control': 'max-age=300',
20 verbose headers   'content-length': '4447',
20 verbose headers   'accept-ranges': 'bytes',
20 verbose headers   date: 'Fri, 10 Feb 2017 08:07:22 GMT',
20 verbose headers   via: '1.1 varnish',
20 verbose headers   age: '178',
20 verbose headers   connection: 'keep-alive',
20 verbose headers   'x-served-by': 'cache-nrt6130-NRT',
20 verbose headers   'x-cache': 'HIT',
20 verbose headers   'x-cache-hits': '1',
20 verbose headers   'x-timer': 'S1486714042.591393,VS0,VE0',
20 verbose headers   vary: 'Accept-Encoding' }
21 silly get cb [ 200,
21 silly get   { server: 'nginx/1.10.1',
21 silly get     'content-type': 'application/json',
21 silly get     'last-modified': 'Thu, 02 Feb 2017 02:39:46 GMT',
21 silly get     etag: 'W/"58929bf2-95a1"',
21 silly get     'content-encoding': 'gzip',
21 silly get     'cache-control': 'max-age=300',
21 silly get     'content-length': '4447',
21 silly get     'accept-ranges': 'bytes',
21 silly get     date: 'Fri, 10 Feb 2017 08:07:22 GMT',
21 silly get     via: '1.1 varnish',
21 silly get     age: '178',
21 silly get     connection: 'keep-alive',
21 silly get     'x-served-by': 'cache-nrt6130-NRT',
21 silly get     'x-cache': 'HIT',
21 silly get     'x-cache-hits': '1',
21 silly get     'x-timer': 'S1486714042.591393,VS0,VE0',
21 silly get     vary: 'Accept-Encoding' } ]
22 verbose get saving express-generator to /Users/perezyuan/.npm/registry.npmjs.org/express-generator/.cache.json
23 verbose correctMkdir /Users/perezyuan/.npm correctMkdir not in flight; initializing
24 silly install normalizeTree
25 silly loadCurrentTree Finishing
26 silly loadIdealTree Starting
27 silly install loadIdealTree
28 silly cloneCurrentTree Starting
29 silly install cloneCurrentTreeToIdealTree
30 silly cloneCurrentTree Finishing
31 silly loadShrinkwrap Starting
32 silly install loadShrinkwrap
33 silly loadShrinkwrap Finishing
34 silly loadAllDepsIntoIdealTree Starting
35 silly install loadAllDepsIntoIdealTree
36 silly resolveWithNewModule express-generator@4.14.1 checking installable status
37 silly cache add args [ 'express-generator', null ]
38 verbose cache add spec express-generator
39 silly cache add parsed spec Result {
39 silly cache add   raw: 'express-generator',
39 silly cache add   scope: null,
39 silly cache add   escapedName: 'express-generator',
39 silly cache add   name: 'express-generator',
39 silly cache add   rawSpec: '',
39 silly cache add   spec: 'latest',
39 silly cache add   type: 'tag' }
40 silly addNamed express-generator@latest
41 verbose addNamed "latest" is being treated as a dist-tag for express-generator
42 info addNameTag [ 'express-generator', 'latest' ]
43 silly mapToRegistry name express-generator
44 silly mapToRegistry using default registry
45 silly mapToRegistry registry https://registry.npmjs.org/
46 silly mapToRegistry data Result {
46 silly mapToRegistry   raw: 'express-generator',
46 silly mapToRegistry   scope: null,
46 silly mapToRegistry   escapedName: 'express-generator',
46 silly mapToRegistry   name: 'express-generator',
46 silly mapToRegistry   rawSpec: '',
46 silly mapToRegistry   spec: 'latest',
46 silly mapToRegistry   type: 'tag' }
47 silly mapToRegistry uri https://registry.npmjs.org/express-generator
48 verbose addNameTag registry:https://registry.npmjs.org/express-generator not in flight; fetching
49 verbose get https://registry.npmjs.org/express-generator not expired, no request
50 silly addNameTag next cb for express-generator with tag latest
51 silly addNamed express-generator@4.14.1
52 verbose addNamed "4.14.1" is a plain semver version for express-generator
53 silly mapToRegistry name express-generator
54 silly mapToRegistry using default registry
55 silly mapToRegistry registry https://registry.npmjs.org/
56 silly mapToRegistry data Result {
56 silly mapToRegistry   raw: 'express-generator',
56 silly mapToRegistry   scope: null,
56 silly mapToRegistry   escapedName: 'express-generator',
56 silly mapToRegistry   name: 'express-generator',
56 silly mapToRegistry   rawSpec: '',
56 silly mapToRegistry   spec: 'latest',
56 silly mapToRegistry   type: 'tag' }
57 silly mapToRegistry uri https://registry.npmjs.org/express-generator
58 verbose addRemoteTarball https://registry.npmjs.org/express-generator/-/express-generator-4.14.1.tgz not in flight; adding
59 verbose addRemoteTarball [ 'https://registry.npmjs.org/express-generator/-/express-generator-4.14.1.tgz',
59 verbose addRemoteTarball   '3d04c1220901544ace51b57741946d8275be33dd' ]
60 info retry fetch attempt 1 at 16:07:22
61 info attempt registry request try #1 at 16:07:22
62 http fetch GET https://registry.npmjs.org/express-generator/-/express-generator-4.14.1.tgz
63 http fetch 200 https://registry.npmjs.org/express-generator/-/express-generator-4.14.1.tgz
64 silly fetchAndShaCheck shasum 3d04c1220901544ace51b57741946d8275be33dd
65 verbose addTmpTarball /var/folders/5k/ygrd64195cj43r9qsphl56nc0000gn/T/npm-6176-cbcec20a/registry.npmjs.org/express-generator/-/express-generator-4.14.1.tgz not in flight; adding
66 verbose addTmpTarball already have metadata; skipping unpack for express-generator@4.14.1
67 verbose correctMkdir /Users/perezyuan/.npm correctMkdir not in flight; initializing
68 silly cache afterAdd express-generator@4.14.1
69 verbose afterAdd /Users/perezyuan/.npm/express-generator/4.14.1/package/package.json not in flight; writing
70 verbose correctMkdir /Users/perezyuan/.npm correctMkdir not in flight; initializing
71 verbose afterAdd /Users/perezyuan/.npm/express-generator/4.14.1/package/package.json written
72 silly fetchNamedPackageData commander
73 silly mapToRegistry name commander
74 silly mapToRegistry using default registry
75 silly mapToRegistry registry https://registry.npmjs.org/
76 silly mapToRegistry data Result {
76 silly mapToRegistry   raw: 'commander',
76 silly mapToRegistry   scope: null,
76 silly mapToRegistry   escapedName: 'commander',
76 silly mapToRegistry   name: 'commander',
76 silly mapToRegistry   rawSpec: '',
76 silly mapToRegistry   spec: 'latest',
76 silly mapToRegistry   type: 'tag' }
77 silly mapToRegistry uri https://registry.npmjs.org/commander
78 silly fetchNamedPackageData mkdirp
79 silly mapToRegistry name mkdirp
80 silly mapToRegistry using default registry
81 silly mapToRegistry registry https://registry.npmjs.org/
82 silly mapToRegistry data Result {
82 silly mapToRegistry   raw: 'mkdirp',
82 silly mapToRegistry   scope: null,
82 silly mapToRegistry   escapedName: 'mkdirp',
82 silly mapToRegistry   name: 'mkdirp',
82 silly mapToRegistry   rawSpec: '',
82 silly mapToRegistry   spec: 'latest',
82 silly mapToRegistry   type: 'tag' }
83 silly mapToRegistry uri https://registry.npmjs.org/mkdirp
84 silly fetchNamedPackageData sorted-object
85 silly mapToRegistry name sorted-object
86 silly mapToRegistry using default registry
87 silly mapToRegistry registry https://registry.npmjs.org/
88 silly mapToRegistry data Result {
88 silly mapToRegistry   raw: 'sorted-object',
88 silly mapToRegistry   scope: null,
88 silly mapToRegistry   escapedName: 'sorted-object',
88 silly mapToRegistry   name: 'sorted-object',
88 silly mapToRegistry   rawSpec: '',
88 silly mapToRegistry   spec: 'latest',
88 silly mapToRegistry   type: 'tag' }
89 silly mapToRegistry uri https://registry.npmjs.org/sorted-object
90 verbose request uri https://registry.npmjs.org/commander
91 verbose request no auth needed
92 info attempt registry request try #1 at 16:07:23
93 http request GET https://registry.npmjs.org/commander
94 verbose request uri https://registry.npmjs.org/mkdirp
95 verbose request no auth needed
96 info attempt registry request try #1 at 16:07:23
97 http request GET https://registry.npmjs.org/mkdirp
98 verbose request uri https://registry.npmjs.org/sorted-object
99 verbose request no auth needed
100 info attempt registry request try #1 at 16:07:23
101 http request GET https://registry.npmjs.org/sorted-object
102 http 200 https://registry.npmjs.org/mkdirp
103 verbose headers { server: 'nginx/1.10.1',
103 verbose headers   'content-type': 'application/json',
103 verbose headers   'last-modified': 'Thu, 09 Feb 2017 08:38:50 GMT',
103 verbose headers   etag: 'W/"589c2a9a-61ac"',
103 verbose headers   'content-encoding': 'gzip',
103 verbose headers   'cache-control': 'max-age=300',
103 verbose headers   'content-length': '4729',
103 verbose headers   'accept-ranges': 'bytes',
103 verbose headers   date: 'Fri, 10 Feb 2017 08:07:23 GMT',
103 verbose headers   via: '1.1 varnish',
103 verbose headers   age: '87',
103 verbose headers   connection: 'keep-alive',
103 verbose headers   'x-served-by': 'cache-nrt6121-NRT',
103 verbose headers   'x-cache': 'HIT',
103 verbose headers   'x-cache-hits': '11',
103 verbose headers   'x-timer': 'S1486714043.826526,VS0,VE0',
103 verbose headers   vary: 'Accept-Encoding' }
104 silly get cb [ 200,
104 silly get   { server: 'nginx/1.10.1',
104 silly get     'content-type': 'application/json',
104 silly get     'last-modified': 'Thu, 09 Feb 2017 08:38:50 GMT',
104 silly get     etag: 'W/"589c2a9a-61ac"',
104 silly get     'content-encoding': 'gzip',
104 silly get     'cache-control': 'max-age=300',
104 silly get     'content-length': '4729',
104 silly get     'accept-ranges': 'bytes',
104 silly get     date: 'Fri, 10 Feb 2017 08:07:23 GMT',
104 silly get     via: '1.1 varnish',
104 silly get     age: '87',
104 silly get     connection: 'keep-alive',
104 silly get     'x-served-by': 'cache-nrt6121-NRT',
104 silly get     'x-cache': 'HIT',
104 silly get     'x-cache-hits': '11',
104 silly get     'x-timer': 'S1486714043.826526,VS0,VE0',
104 silly get     vary: 'Accept-Encoding' } ]
105 verbose get saving mkdirp to /Users/perezyuan/.npm/registry.npmjs.org/mkdirp/.cache.json
106 verbose correctMkdir /Users/perezyuan/.npm correctMkdir not in flight; initializing
107 silly resolveWithNewModule mkdirp@0.5.1 checking installable status
108 silly cache add args [ 'mkdirp@0.5.1', null ]
109 verbose cache add spec mkdirp@0.5.1
110 silly cache add parsed spec Result {
110 silly cache add   raw: 'mkdirp@0.5.1',
110 silly cache add   scope: null,
110 silly cache add   escapedName: 'mkdirp',
110 silly cache add   name: 'mkdirp',
110 silly cache add   rawSpec: '0.5.1',
110 silly cache add   spec: '0.5.1',
110 silly cache add   type: 'version' }
111 silly addNamed mkdirp@0.5.1
112 verbose addNamed "0.5.1" is a plain semver version for mkdirp
113 silly mapToRegistry name mkdirp
114 silly mapToRegistry using default registry
115 silly mapToRegistry registry https://registry.npmjs.org/
116 silly mapToRegistry data Result {
116 silly mapToRegistry   raw: 'mkdirp',
116 silly mapToRegistry   scope: null,
116 silly mapToRegistry   escapedName: 'mkdirp',
116 silly mapToRegistry   name: 'mkdirp',
116 silly mapToRegistry   rawSpec: '',
116 silly mapToRegistry   spec: 'latest',
116 silly mapToRegistry   type: 'tag' }
117 silly mapToRegistry uri https://registry.npmjs.org/mkdirp
118 verbose addNameVersion registry:https://registry.npmjs.org/mkdirp not in flight; fetching
119 verbose get https://registry.npmjs.org/mkdirp not expired, no request
120 silly mapToRegistry name mkdirp
121 silly mapToRegistry using default registry
122 silly mapToRegistry registry https://registry.npmjs.org/
123 silly mapToRegistry data Result {
123 silly mapToRegistry   raw: 'mkdirp',
123 silly mapToRegistry   scope: null,
123 silly mapToRegistry   escapedName: 'mkdirp',
123 silly mapToRegistry   name: 'mkdirp',
123 silly mapToRegistry   rawSpec: '',
123 silly mapToRegistry   spec: 'latest',
123 silly mapToRegistry   type: 'tag' }
124 silly mapToRegistry uri https://registry.npmjs.org/mkdirp
125 verbose addRemoteTarball https://registry.npmjs.org/mkdirp/-/mkdirp-0.5.1.tgz not in flight; adding
126 verbose addRemoteTarball [ 'https://registry.npmjs.org/mkdirp/-/mkdirp-0.5.1.tgz',
126 verbose addRemoteTarball   '30057438eac6cf7f8c4767f38648d6697d75c903' ]
127 info retry fetch attempt 1 at 16:07:23
128 info attempt registry request try #1 at 16:07:23
129 http fetch GET https://registry.npmjs.org/mkdirp/-/mkdirp-0.5.1.tgz
130 http 200 https://registry.npmjs.org/commander
131 verbose headers { server: 'nginx/1.10.1',
131 verbose headers   'content-type': 'application/json',
131 verbose headers   'last-modified': 'Wed, 08 Feb 2017 03:03:55 GMT',
131 verbose headers   etag: 'W/"589a8a9b-ff01"',
131 verbose headers   'content-encoding': 'gzip',
131 verbose headers   'cache-control': 'max-age=300',
131 verbose headers   'content-length': '12565',
131 verbose headers   'accept-ranges': 'bytes',
131 verbose headers   date: 'Fri, 10 Feb 2017 08:07:23 GMT',
131 verbose headers   via: '1.1 varnish',
131 verbose headers   age: '295',
131 verbose headers   connection: 'keep-alive',
131 verbose headers   'x-served-by': 'cache-nrt6130-NRT',
131 verbose headers   'x-cache': 'HIT',
131 verbose headers   'x-cache-hits': '28',
131 verbose headers   'x-timer': 'S1486714043.462920,VS0,VE0',
131 verbose headers   vary: 'Accept-Encoding' }
132 silly get cb [ 200,
132 silly get   { server: 'nginx/1.10.1',
132 silly get     'content-type': 'application/json',
132 silly get     'last-modified': 'Wed, 08 Feb 2017 03:03:55 GMT',
132 silly get     etag: 'W/"589a8a9b-ff01"',
132 silly get     'content-encoding': 'gzip',
132 silly get     'cache-control': 'max-age=300',
132 silly get     'content-length': '12565',
132 silly get     'accept-ranges': 'bytes',
132 silly get     date: 'Fri, 10 Feb 2017 08:07:23 GMT',
132 silly get     via: '1.1 varnish',
132 silly get     age: '295',
132 silly get     connection: 'keep-alive',
132 silly get     'x-served-by': 'cache-nrt6130-NRT',
132 silly get     'x-cache': 'HIT',
132 silly get     'x-cache-hits': '28',
132 silly get     'x-timer': 'S1486714043.462920,VS0,VE0',
132 silly get     vary: 'Accept-Encoding' } ]
133 verbose get saving commander to /Users/perezyuan/.npm/registry.npmjs.org/commander/.cache.json
134 verbose correctMkdir /Users/perezyuan/.npm correctMkdir not in flight; initializing
135 silly resolveWithNewModule commander@2.9.0 checking installable status
136 silly cache add args [ 'commander@2.9.0', null ]
137 verbose cache add spec commander@2.9.0
138 silly cache add parsed spec Result {
138 silly cache add   raw: 'commander@2.9.0',
138 silly cache add   scope: null,
138 silly cache add   escapedName: 'commander',
138 silly cache add   name: 'commander',
138 silly cache add   rawSpec: '2.9.0',
138 silly cache add   spec: '2.9.0',
138 silly cache add   type: 'version' }
139 silly addNamed commander@2.9.0
140 verbose addNamed "2.9.0" is a plain semver version for commander
141 silly mapToRegistry name commander
142 silly mapToRegistry using default registry
143 silly mapToRegistry registry https://registry.npmjs.org/
144 silly mapToRegistry data Result {
144 silly mapToRegistry   raw: 'commander',
144 silly mapToRegistry   scope: null,
144 silly mapToRegistry   escapedName: 'commander',
144 silly mapToRegistry   name: 'commander',
144 silly mapToRegistry   rawSpec: '',
144 silly mapToRegistry   spec: 'latest',
144 silly mapToRegistry   type: 'tag' }
145 silly mapToRegistry uri https://registry.npmjs.org/commander
146 verbose addNameVersion registry:https://registry.npmjs.org/commander not in flight; fetching
147 verbose get https://registry.npmjs.org/commander not expired, no request
148 silly mapToRegistry name commander
149 silly mapToRegistry using default registry
150 silly mapToRegistry registry https://registry.npmjs.org/
151 silly mapToRegistry data Result {
151 silly mapToRegistry   raw: 'commander',
151 silly mapToRegistry   scope: null,
151 silly mapToRegistry   escapedName: 'commander',
151 silly mapToRegistry   name: 'commander',
151 silly mapToRegistry   rawSpec: '',
151 silly mapToRegistry   spec: 'latest',
151 silly mapToRegistry   type: 'tag' }
152 silly mapToRegistry uri https://registry.npmjs.org/commander
153 verbose addRemoteTarball https://registry.npmjs.org/commander/-/commander-2.9.0.tgz not in flight; adding
154 verbose addRemoteTarball [ 'https://registry.npmjs.org/commander/-/commander-2.9.0.tgz',
154 verbose addRemoteTarball   '9c99094176e12240cb22d6c5146098400fe0f7d4' ]
155 info retry fetch attempt 1 at 16:07:24
156 info attempt registry request try #1 at 16:07:24
157 http fetch GET https://registry.npmjs.org/commander/-/commander-2.9.0.tgz
158 http 200 https://registry.npmjs.org/sorted-object
159 verbose headers { server: 'nginx/1.10.1',
159 verbose headers   'content-type': 'application/json',
159 verbose headers   'last-modified': 'Sat, 10 Sep 2016 23:39:29 GMT',
159 verbose headers   etag: 'W/"57d499b1-1545"',
159 verbose headers   'content-encoding': 'gzip',
159 verbose headers   'cache-control': 'max-age=300',
159 verbose headers   'content-length': '1619',
159 verbose headers   'accept-ranges': 'bytes',
159 verbose headers   date: 'Fri, 10 Feb 2017 08:07:24 GMT',
159 verbose headers   via: '1.1 varnish',
159 verbose headers   age: '178',
159 verbose headers   connection: 'keep-alive',
159 verbose headers   'x-served-by': 'cache-nrt6121-NRT',
159 verbose headers   'x-cache': 'HIT',
159 verbose headers   'x-cache-hits': '1',
159 verbose headers   'x-timer': 'S1486714044.414499,VS0,VE0',
159 verbose headers   vary: 'Accept-Encoding' }
160 silly get cb [ 200,
160 silly get   { server: 'nginx/1.10.1',
160 silly get     'content-type': 'application/json',
160 silly get     'last-modified': 'Sat, 10 Sep 2016 23:39:29 GMT',
160 silly get     etag: 'W/"57d499b1-1545"',
160 silly get     'content-encoding': 'gzip',
160 silly get     'cache-control': 'max-age=300',
160 silly get     'content-length': '1619',
160 silly get     'accept-ranges': 'bytes',
160 silly get     date: 'Fri, 10 Feb 2017 08:07:24 GMT',
160 silly get     via: '1.1 varnish',
160 silly get     age: '178',
160 silly get     connection: 'keep-alive',
160 silly get     'x-served-by': 'cache-nrt6121-NRT',
160 silly get     'x-cache': 'HIT',
160 silly get     'x-cache-hits': '1',
160 silly get     'x-timer': 'S1486714044.414499,VS0,VE0',
160 silly get     vary: 'Accept-Encoding' } ]
161 verbose get saving sorted-object to /Users/perezyuan/.npm/registry.npmjs.org/sorted-object/.cache.json
162 verbose correctMkdir /Users/perezyuan/.npm correctMkdir not in flight; initializing
163 silly resolveWithNewModule sorted-object@2.0.1 checking installable status
164 silly cache add args [ 'sorted-object@2.0.1', null ]
165 verbose cache add spec sorted-object@2.0.1
166 silly cache add parsed spec Result {
166 silly cache add   raw: 'sorted-object@2.0.1',
166 silly cache add   scope: null,
166 silly cache add   escapedName: 'sorted-object',
166 silly cache add   name: 'sorted-object',
166 silly cache add   rawSpec: '2.0.1',
166 silly cache add   spec: '2.0.1',
166 silly cache add   type: 'version' }
167 silly addNamed sorted-object@2.0.1
168 verbose addNamed "2.0.1" is a plain semver version for sorted-object
169 silly mapToRegistry name sorted-object
170 silly mapToRegistry using default registry
171 silly mapToRegistry registry https://registry.npmjs.org/
172 silly mapToRegistry data Result {
172 silly mapToRegistry   raw: 'sorted-object',
172 silly mapToRegistry   scope: null,
172 silly mapToRegistry   escapedName: 'sorted-object',
172 silly mapToRegistry   name: 'sorted-object',
172 silly mapToRegistry   rawSpec: '',
172 silly mapToRegistry   spec: 'latest',
172 silly mapToRegistry   type: 'tag' }
173 silly mapToRegistry uri https://registry.npmjs.org/sorted-object
174 verbose addNameVersion registry:https://registry.npmjs.org/sorted-object not in flight; fetching
175 verbose get https://registry.npmjs.org/sorted-object not expired, no request
176 silly mapToRegistry name sorted-object
177 silly mapToRegistry using default registry
178 silly mapToRegistry registry https://registry.npmjs.org/
179 silly mapToRegistry data Result {
179 silly mapToRegistry   raw: 'sorted-object',
179 silly mapToRegistry   scope: null,
179 silly mapToRegistry   escapedName: 'sorted-object',
179 silly mapToRegistry   name: 'sorted-object',
179 silly mapToRegistry   rawSpec: '',
179 silly mapToRegistry   spec: 'latest',
179 silly mapToRegistry   type: 'tag' }
180 silly mapToRegistry uri https://registry.npmjs.org/sorted-object
181 verbose addRemoteTarball https://registry.npmjs.org/sorted-object/-/sorted-object-2.0.1.tgz not in flight; adding
182 verbose addRemoteTarball [ 'https://registry.npmjs.org/sorted-object/-/sorted-object-2.0.1.tgz',
182 verbose addRemoteTarball   '7d631f4bd3a798a24af1dffcfbfe83337a5df5fc' ]
183 info retry fetch attempt 1 at 16:07:24
184 info attempt registry request try #1 at 16:07:24
185 http fetch GET https://registry.npmjs.org/sorted-object/-/sorted-object-2.0.1.tgz
186 http fetch 200 https://registry.npmjs.org/mkdirp/-/mkdirp-0.5.1.tgz
187 silly fetchAndShaCheck shasum 30057438eac6cf7f8c4767f38648d6697d75c903
188 verbose addTmpTarball /var/folders/5k/ygrd64195cj43r9qsphl56nc0000gn/T/npm-6176-cbcec20a/registry.npmjs.org/mkdirp/-/mkdirp-0.5.1.tgz not in flight; adding
189 verbose addTmpTarball already have metadata; skipping unpack for mkdirp@0.5.1
190 verbose correctMkdir /Users/perezyuan/.npm correctMkdir not in flight; initializing
191 silly cache afterAdd mkdirp@0.5.1
192 verbose afterAdd /Users/perezyuan/.npm/mkdirp/0.5.1/package/package.json not in flight; writing
193 verbose correctMkdir /Users/perezyuan/.npm correctMkdir not in flight; initializing
194 verbose afterAdd /Users/perezyuan/.npm/mkdirp/0.5.1/package/package.json written
195 http fetch 200 https://registry.npmjs.org/sorted-object/-/sorted-object-2.0.1.tgz
196 silly fetchAndShaCheck shasum 7d631f4bd3a798a24af1dffcfbfe83337a5df5fc
197 verbose addTmpTarball /var/folders/5k/ygrd64195cj43r9qsphl56nc0000gn/T/npm-6176-cbcec20a/registry.npmjs.org/sorted-object/-/sorted-object-2.0.1.tgz not in flight; adding
198 verbose addTmpTarball already have metadata; skipping unpack for sorted-object@2.0.1
199 verbose correctMkdir /Users/perezyuan/.npm correctMkdir not in flight; initializing
200 silly cache afterAdd sorted-object@2.0.1
201 verbose afterAdd /Users/perezyuan/.npm/sorted-object/2.0.1/package/package.json not in flight; writing
202 verbose correctMkdir /Users/perezyuan/.npm correctMkdir not in flight; initializing
203 verbose afterAdd /Users/perezyuan/.npm/sorted-object/2.0.1/package/package.json written
204 http fetch 200 https://registry.npmjs.org/commander/-/commander-2.9.0.tgz
205 silly fetchAndShaCheck shasum 9c99094176e12240cb22d6c5146098400fe0f7d4
206 verbose addTmpTarball /var/folders/5k/ygrd64195cj43r9qsphl56nc0000gn/T/npm-6176-cbcec20a/registry.npmjs.org/commander/-/commander-2.9.0.tgz not in flight; adding
207 verbose addTmpTarball already have metadata; skipping unpack for commander@2.9.0
208 verbose correctMkdir /Users/perezyuan/.npm correctMkdir not in flight; initializing
209 silly cache afterAdd commander@2.9.0
210 verbose afterAdd /Users/perezyuan/.npm/commander/2.9.0/package/package.json not in flight; writing
211 verbose correctMkdir /Users/perezyuan/.npm correctMkdir not in flight; initializing
212 verbose afterAdd /Users/perezyuan/.npm/commander/2.9.0/package/package.json written
213 silly fetchNamedPackageData graceful-readlink
214 silly mapToRegistry name graceful-readlink
215 silly mapToRegistry using default registry
216 silly mapToRegistry registry https://registry.npmjs.org/
217 silly mapToRegistry data Result {
217 silly mapToRegistry   raw: 'graceful-readlink',
217 silly mapToRegistry   scope: null,
217 silly mapToRegistry   escapedName: 'graceful-readlink',
217 silly mapToRegistry   name: 'graceful-readlink',
217 silly mapToRegistry   rawSpec: '',
217 silly mapToRegistry   spec: 'latest',
217 silly mapToRegistry   type: 'tag' }
218 silly mapToRegistry uri https://registry.npmjs.org/graceful-readlink
219 verbose request uri https://registry.npmjs.org/graceful-readlink
220 verbose request no auth needed
221 info attempt registry request try #1 at 16:07:26
222 http request GET https://registry.npmjs.org/graceful-readlink
223 http 200 https://registry.npmjs.org/graceful-readlink
224 verbose headers { server: 'nginx/1.10.1',
224 verbose headers   'content-type': 'application/json',
224 verbose headers   'last-modified': 'Sat, 24 Dec 2016 22:39:10 GMT',
224 verbose headers   etag: 'W/"585ef90e-c1b"',
224 verbose headers   'content-encoding': 'gzip',
224 verbose headers   'cache-control': 'max-age=300',
224 verbose headers   'content-length': '983',
224 verbose headers   'accept-ranges': 'bytes',
224 verbose headers   date: 'Fri, 10 Feb 2017 08:07:26 GMT',
224 verbose headers   via: '1.1 varnish',
224 verbose headers   age: '42',
224 verbose headers   connection: 'keep-alive',
224 verbose headers   'x-served-by': 'cache-nrt6121-NRT',
224 verbose headers   'x-cache': 'HIT',
224 verbose headers   'x-cache-hits': '3',
224 verbose headers   'x-timer': 'S1486714046.429113,VS0,VE0',
224 verbose headers   vary: 'Accept-Encoding' }
225 silly get cb [ 200,
225 silly get   { server: 'nginx/1.10.1',
225 silly get     'content-type': 'application/json',
225 silly get     'last-modified': 'Sat, 24 Dec 2016 22:39:10 GMT',
225 silly get     etag: 'W/"585ef90e-c1b"',
225 silly get     'content-encoding': 'gzip',
225 silly get     'cache-control': 'max-age=300',
225 silly get     'content-length': '983',
225 silly get     'accept-ranges': 'bytes',
225 silly get     date: 'Fri, 10 Feb 2017 08:07:26 GMT',
225 silly get     via: '1.1 varnish',
225 silly get     age: '42',
225 silly get     connection: 'keep-alive',
225 silly get     'x-served-by': 'cache-nrt6121-NRT',
225 silly get     'x-cache': 'HIT',
225 silly get     'x-cache-hits': '3',
225 silly get     'x-timer': 'S1486714046.429113,VS0,VE0',
225 silly get     vary: 'Accept-Encoding' } ]
226 verbose get saving graceful-readlink to /Users/perezyuan/.npm/registry.npmjs.org/graceful-readlink/.cache.json
227 verbose correctMkdir /Users/perezyuan/.npm correctMkdir not in flight; initializing
228 silly resolveWithNewModule graceful-readlink@1.0.1 checking installable status
229 silly cache add args [ 'graceful-readlink@>= 1.0.0', null ]
230 verbose cache add spec graceful-readlink@>= 1.0.0
231 silly cache add parsed spec Result {
231 silly cache add   raw: 'graceful-readlink@>= 1.0.0',
231 silly cache add   scope: null,
231 silly cache add   escapedName: 'graceful-readlink',
231 silly cache add   name: 'graceful-readlink',
231 silly cache add   rawSpec: '>= 1.0.0',
231 silly cache add   spec: '>=1.0.0',
231 silly cache add   type: 'range' }
232 silly addNamed graceful-readlink@>=1.0.0
233 verbose addNamed ">=1.0.0" is a valid semver range for graceful-readlink
234 silly addNameRange { name: 'graceful-readlink', range: '>=1.0.0', hasData: false }
235 silly mapToRegistry name graceful-readlink
236 silly mapToRegistry using default registry
237 silly mapToRegistry registry https://registry.npmjs.org/
238 silly mapToRegistry data Result {
238 silly mapToRegistry   raw: 'graceful-readlink',
238 silly mapToRegistry   scope: null,
238 silly mapToRegistry   escapedName: 'graceful-readlink',
238 silly mapToRegistry   name: 'graceful-readlink',
238 silly mapToRegistry   rawSpec: '',
238 silly mapToRegistry   spec: 'latest',
238 silly mapToRegistry   type: 'tag' }
239 silly mapToRegistry uri https://registry.npmjs.org/graceful-readlink
240 verbose addNameRange registry:https://registry.npmjs.org/graceful-readlink not in flight; fetching
241 verbose get https://registry.npmjs.org/graceful-readlink not expired, no request
242 silly addNameRange number 2 { name: 'graceful-readlink', range: '>=1.0.0', hasData: true }
243 silly addNameRange versions [ 'graceful-readlink', [ '1.0.0', '1.0.1' ] ]
244 silly addNamed graceful-readlink@1.0.1
245 verbose addNamed "1.0.1" is a plain semver version for graceful-readlink
246 silly mapToRegistry name graceful-readlink
247 silly mapToRegistry using default registry
248 silly mapToRegistry registry https://registry.npmjs.org/
249 silly mapToRegistry data Result {
249 silly mapToRegistry   raw: 'graceful-readlink',
249 silly mapToRegistry   scope: null,
249 silly mapToRegistry   escapedName: 'graceful-readlink',
249 silly mapToRegistry   name: 'graceful-readlink',
249 silly mapToRegistry   rawSpec: '',
249 silly mapToRegistry   spec: 'latest',
249 silly mapToRegistry   type: 'tag' }
250 silly mapToRegistry uri https://registry.npmjs.org/graceful-readlink
251 verbose addRemoteTarball https://registry.npmjs.org/graceful-readlink/-/graceful-readlink-1.0.1.tgz not in flight; adding
252 verbose addRemoteTarball [ 'https://registry.npmjs.org/graceful-readlink/-/graceful-readlink-1.0.1.tgz',
252 verbose addRemoteTarball   '4cafad76bc62f02fa039b2f94e9a3dd3a391a725' ]
253 info retry fetch attempt 1 at 16:07:26
254 info attempt registry request try #1 at 16:07:26
255 http fetch GET https://registry.npmjs.org/graceful-readlink/-/graceful-readlink-1.0.1.tgz
256 http fetch 200 https://registry.npmjs.org/graceful-readlink/-/graceful-readlink-1.0.1.tgz
257 silly fetchAndShaCheck shasum 4cafad76bc62f02fa039b2f94e9a3dd3a391a725
258 verbose addTmpTarball /var/folders/5k/ygrd64195cj43r9qsphl56nc0000gn/T/npm-6176-cbcec20a/registry.npmjs.org/graceful-readlink/-/graceful-readlink-1.0.1.tgz not in flight; adding
259 verbose addTmpTarball already have metadata; skipping unpack for graceful-readlink@1.0.1
260 verbose correctMkdir /Users/perezyuan/.npm correctMkdir not in flight; initializing
261 silly cache afterAdd graceful-readlink@1.0.1
262 verbose afterAdd /Users/perezyuan/.npm/graceful-readlink/1.0.1/package/package.json not in flight; writing
263 verbose correctMkdir /Users/perezyuan/.npm correctMkdir not in flight; initializing
264 verbose afterAdd /Users/perezyuan/.npm/graceful-readlink/1.0.1/package/package.json written
265 silly fetchNamedPackageData minimist
266 silly mapToRegistry name minimist
267 silly mapToRegistry using default registry
268 silly mapToRegistry registry https://registry.npmjs.org/
269 silly mapToRegistry data Result {
269 silly mapToRegistry   raw: 'minimist',
269 silly mapToRegistry   scope: null,
269 silly mapToRegistry   escapedName: 'minimist',
269 silly mapToRegistry   name: 'minimist',
269 silly mapToRegistry   rawSpec: '',
269 silly mapToRegistry   spec: 'latest',
269 silly mapToRegistry   type: 'tag' }
270 silly mapToRegistry uri https://registry.npmjs.org/minimist
271 verbose request uri https://registry.npmjs.org/minimist
272 verbose request no auth needed
273 info attempt registry request try #1 at 16:07:26
274 http request GET https://registry.npmjs.org/minimist
275 http 200 https://registry.npmjs.org/minimist
276 verbose headers { server: 'nginx/1.10.1',
276 verbose headers   'content-type': 'application/json',
276 verbose headers   'last-modified': 'Fri, 03 Feb 2017 06:40:00 GMT',
276 verbose headers   etag: 'W/"589425c0-737e"',
276 verbose headers   'content-encoding': 'gzip',
276 verbose headers   'cache-control': 'max-age=300',
276 verbose headers   'content-length': '5567',
276 verbose headers   'accept-ranges': 'bytes',
276 verbose headers   date: 'Fri, 10 Feb 2017 08:07:26 GMT',
276 verbose headers   via: '1.1 varnish',
276 verbose headers   age: '147',
276 verbose headers   connection: 'keep-alive',
276 verbose headers   'x-served-by': 'cache-nrt6130-NRT',
276 verbose headers   'x-cache': 'HIT',
276 verbose headers   'x-cache-hits': '22',
276 verbose headers   'x-timer': 'S1486714046.787341,VS0,VE0',
276 verbose headers   vary: 'Accept-Encoding' }
277 silly get cb [ 200,
277 silly get   { server: 'nginx/1.10.1',
277 silly get     'content-type': 'application/json',
277 silly get     'last-modified': 'Fri, 03 Feb 2017 06:40:00 GMT',
277 silly get     etag: 'W/"589425c0-737e"',
277 silly get     'content-encoding': 'gzip',
277 silly get     'cache-control': 'max-age=300',
277 silly get     'content-length': '5567',
277 silly get     'accept-ranges': 'bytes',
277 silly get     date: 'Fri, 10 Feb 2017 08:07:26 GMT',
277 silly get     via: '1.1 varnish',
277 silly get     age: '147',
277 silly get     connection: 'keep-alive',
277 silly get     'x-served-by': 'cache-nrt6130-NRT',
277 silly get     'x-cache': 'HIT',
277 silly get     'x-cache-hits': '22',
277 silly get     'x-timer': 'S1486714046.787341,VS0,VE0',
277 silly get     vary: 'Accept-Encoding' } ]
278 verbose get saving minimist to /Users/perezyuan/.npm/registry.npmjs.org/minimist/.cache.json
279 verbose correctMkdir /Users/perezyuan/.npm correctMkdir not in flight; initializing
280 silly resolveWithNewModule minimist@0.0.8 checking installable status
281 silly cache add args [ 'minimist@0.0.8', null ]
282 verbose cache add spec minimist@0.0.8
283 silly cache add parsed spec Result {
283 silly cache add   raw: 'minimist@0.0.8',
283 silly cache add   scope: null,
283 silly cache add   escapedName: 'minimist',
283 silly cache add   name: 'minimist',
283 silly cache add   rawSpec: '0.0.8',
283 silly cache add   spec: '0.0.8',
283 silly cache add   type: 'version' }
284 silly addNamed minimist@0.0.8
285 verbose addNamed "0.0.8" is a plain semver version for minimist
286 silly mapToRegistry name minimist
287 silly mapToRegistry using default registry
288 silly mapToRegistry registry https://registry.npmjs.org/
289 silly mapToRegistry data Result {
289 silly mapToRegistry   raw: 'minimist',
289 silly mapToRegistry   scope: null,
289 silly mapToRegistry   escapedName: 'minimist',
289 silly mapToRegistry   name: 'minimist',
289 silly mapToRegistry   rawSpec: '',
289 silly mapToRegistry   spec: 'latest',
289 silly mapToRegistry   type: 'tag' }
290 silly mapToRegistry uri https://registry.npmjs.org/minimist
291 verbose addNameVersion registry:https://registry.npmjs.org/minimist not in flight; fetching
292 verbose get https://registry.npmjs.org/minimist not expired, no request
293 silly mapToRegistry name minimist
294 silly mapToRegistry using default registry
295 silly mapToRegistry registry https://registry.npmjs.org/
296 silly mapToRegistry data Result {
296 silly mapToRegistry   raw: 'minimist',
296 silly mapToRegistry   scope: null,
296 silly mapToRegistry   escapedName: 'minimist',
296 silly mapToRegistry   name: 'minimist',
296 silly mapToRegistry   rawSpec: '',
296 silly mapToRegistry   spec: 'latest',
296 silly mapToRegistry   type: 'tag' }
297 silly mapToRegistry uri https://registry.npmjs.org/minimist
298 verbose addRemoteTarball https://registry.npmjs.org/minimist/-/minimist-0.0.8.tgz not in flight; adding
299 verbose addRemoteTarball [ 'https://registry.npmjs.org/minimist/-/minimist-0.0.8.tgz',
299 verbose addRemoteTarball   '857fcabfc3397d2625b8228262e86aa7a011b05d' ]
300 info retry fetch attempt 1 at 16:07:29
301 info attempt registry request try #1 at 16:07:29
302 http fetch GET https://registry.npmjs.org/minimist/-/minimist-0.0.8.tgz
303 http fetch 200 https://registry.npmjs.org/minimist/-/minimist-0.0.8.tgz
304 silly fetchAndShaCheck shasum 857fcabfc3397d2625b8228262e86aa7a011b05d
305 verbose addTmpTarball /var/folders/5k/ygrd64195cj43r9qsphl56nc0000gn/T/npm-6176-cbcec20a/registry.npmjs.org/minimist/-/minimist-0.0.8.tgz not in flight; adding
306 verbose addTmpTarball already have metadata; skipping unpack for minimist@0.0.8
307 verbose correctMkdir /Users/perezyuan/.npm correctMkdir not in flight; initializing
308 silly cache afterAdd minimist@0.0.8
309 verbose afterAdd /Users/perezyuan/.npm/minimist/0.0.8/package/package.json not in flight; writing
310 verbose correctMkdir /Users/perezyuan/.npm correctMkdir not in flight; initializing
311 verbose afterAdd /Users/perezyuan/.npm/minimist/0.0.8/package/package.json written
312 silly loadAllDepsIntoIdealTree Finishing
313 silly loadIdealTree Finishing
314 silly currentTree lib
315 silly idealTree lib
315 silly idealTree └─┬ express-generator@4.14.1
315 silly idealTree   ├── commander@2.9.0
315 silly idealTree   ├── graceful-readlink@1.0.1
315 silly idealTree   ├── minimist@0.0.8
315 silly idealTree   ├── mkdirp@0.5.1
315 silly idealTree   └── sorted-object@2.0.1
316 silly generateActionsToTake Starting
317 silly install generateActionsToTake
318 warn checkPermissions Missing write access to /usr/local/lib/node_modules
319 silly rollbackFailedOptional Starting
320 silly rollbackFailedOptional Finishing
321 silly runTopLevelLifecycles Finishing
322 silly install printInstalled
323 verbose stack Error: EACCES: permission denied, access '/usr/local/lib/node_modules'
323 verbose stack     at Error (native)
324 verbose cwd /Users/perezyuan/workspace/github/learn
325 error Darwin 16.4.0
326 error argv "/usr/local/bin/node" "/usr/local/bin/npm" "install" "express-generator" "-g"
327 error node v6.9.5
328 error npm  v3.10.10
329 error path /usr/local/lib/node_modules
330 error code EACCES
331 error errno -13
332 error syscall access
333 error Error: EACCES: permission denied, access '/usr/local/lib/node_modules'
333 error     at Error (native)
333 error  { Error: EACCES: permission denied, access '/usr/local/lib/node_modules'
333 error     at Error (native)
333 error   errno: -13,
333 error   code: 'EACCES',
333 error   syscall: 'access',
333 error   path: '/usr/local/lib/node_modules' }
334 error Please try running this command again as root/Administrator.
335 verbose exit [ -13, true ]
